# JRE version: OpenJDK Runtime Environment (11.0.10) (build 11.0.10+0-b96-7249189)
# Java VM: OpenJDK 64-Bit Server VM (11.0.10+0-b96-7249189, mixed mode, tiered, compressed oops, g1 gc, windows-amd64)
Heap:
 garbage-first heap   total 187392K, used 110541K [0x0000000080000000, 0x0000000100000000)
  region size 1024K, 2 young (2048K), 2 survivors (2048K)
 Metaspace       used 110061K, capacity 113204K, committed 113452K, reserved 1148928K
  class space    used 13769K, capacity 14887K, committed 14976K, reserved 1048576K
GC Heap History (20 events):
Event: 3405.541 GC heap after
{Heap after GC invocations=89 (full 0):
 garbage-first heap   total 155648K, used 112349K [0x0000000080000000, 0x0000000100000000)
  region size 1024K, 3 young (3072K), 3 survivors (3072K)
 Metaspace       used 109983K, capacity 113140K, committed 113452K, reserved 1148928K
  class space    used 13766K, capacity 14887K, committed 14976K, reserved 1048576K
}
Event: 3406.059 GC heap before
{Heap before GC invocations=90 (full 0):
 garbage-first heap   total 155648K, used 131805K [0x0000000080000000, 0x0000000100000000)
  region size 1024K, 22 young (22528K), 3 survivors (3072K)
 Metaspace       used 109987K, capacity 113140K, committed 113452K, reserved 1148928K
  class space    used 13766K, capacity 14887K, committed 14976K, reserved 1048576K
}
Event: 3406.063 GC heap after
{Heap after GC invocations=91 (full 0):
 garbage-first heap   total 155648K, used 112693K [0x0000000080000000, 0x0000000100000000)
  region size 1024K, 1 young (1024K), 1 survivors (1024K)
 Metaspace       used 109987K, capacity 113140K, committed 113452K, reserved 1148928K
  class space    used 13766K, capacity 14887K, committed 14976K, reserved 1048576K
}
Event: 3406.082 GC heap before
{Heap before GC invocations=91 (full 0):
 garbage-first heap   total 155648K, used 118837K [0x0000000080000000, 0x0000000100000000)
  region size 1024K, 7 young (7168K), 1 survivors (1024K)
 Metaspace       used 109987K, capacity 113140K, committed 113452K, reserved 1148928K
  class space    used 13766K, capacity 14887K, committed 14976K, reserved 1048576K
}
Event: 3406.089 GC heap after
{Heap after GC invocations=92 (full 0):
 garbage-first heap   total 155648K, used 112293K [0x0000000080000000, 0x0000000100000000)
  region size 1024K, 1 young (1024K), 1 survivors (1024K)
 Metaspace       used 109987K, capacity 113140K, committed 113452K, reserved 1148928K
  class space    used 13766K, capacity 14887K, committed 14976K, reserved 1048576K
}
Event: 3406.209 GC heap before
{Heap before GC invocations=92 (full 0):
 garbage-first heap   total 155648K, used 132773K [0x0000000080000000, 0x0000000100000000)
  region size 1024K, 21 young (21504K), 1 survivors (1024K)
 Metaspace       used 109987K, capacity 113140K, committed 113452K, reserved 1148928K
  class space    used 13766K, capacity 14887K, committed 14976K, reserved 1048576K
}
Event: 3406.213 GC heap after
{Heap after GC invocations=93 (full 0):
 garbage-first heap   total 155648K, used 112054K [0x0000000080000000, 0x0000000100000000)
  region size 1024K, 1 young (1024K), 1 survivors (1024K)
 Metaspace       used 109987K, capacity 113140K, committed 113452K, reserved 1148928K
  class space    used 13766K, capacity 14887K, committed 14976K, reserved 1048576K
}
Event: 3406.798 GC heap before
{Heap before GC invocations=94 (full 0):
 garbage-first heap   total 155648K, used 133558K [0x0000000080000000, 0x0000000100000000)
  region size 1024K, 22 young (22528K), 1 survivors (1024K)
 Metaspace       used 109987K, capacity 113140K, committed 113452K, reserved 1148928K
  class space    used 13766K, capacity 14887K, committed 14976K, reserved 1048576K
}
Event: 3406.803 GC heap after
{Heap after GC invocations=95 (full 0):
 garbage-first heap   total 155648K, used 112111K [0x0000000080000000, 0x0000000100000000)
  region size 1024K, 1 young (1024K), 1 survivors (1024K)
 Metaspace       used 109987K, capacity 113140K, committed 113452K, reserved 1148928K
  class space    used 13766K, capacity 14887K, committed 14976K, reserved 1048576K
}
Event: 3406.917 GC heap before
{Heap before GC invocations=95 (full 0):
 garbage-first heap   total 155648K, used 133615K [0x0000000080000000, 0x0000000100000000)
  region size 1024K, 22 young (22528K), 1 survivors (1024K)
 Metaspace       used 109988K, capacity 113140K, committed 113452K, reserved 1148928K
  class space    used 13766K, capacity 14887K, committed 14976K, reserved 1048576K
}
Event: 3406.920 GC heap after
{Heap after GC invocations=96 (full 0):
 garbage-first heap   total 155648K, used 112114K [0x0000000080000000, 0x0000000100000000)
  region size 1024K, 1 young (1024K), 1 survivors (1024K)
 Metaspace       used 109988K, capacity 113140K, committed 113452K, reserved 1148928K
  class space    used 13766K, capacity 14887K, committed 14976K, reserved 1048576K
}
Event: 3407.711 GC heap before
{Heap before GC invocations=97 (full 0):
 garbage-first heap   total 155648K, used 134642K [0x0000000080000000, 0x0000000100000000)
  region size 1024K, 23 young (23552K), 1 survivors (1024K)
 Metaspace       used 109989K, capacity 113140K, committed 113452K, reserved 1148928K
  class space    used 13766K, capacity 14887K, committed 14976K, reserved 1048576K
}
Event: 3407.715 GC heap after
{Heap after GC invocations=98 (full 0):
 garbage-first heap   total 155648K, used 112057K [0x0000000080000000, 0x0000000100000000)
  region size 1024K, 1 young (1024K), 1 survivors (1024K)
 Metaspace       used 109989K, capacity 113140K, committed 113452K, reserved 1148928K
  class space    used 13766K, capacity 14887K, committed 14976K, reserved 1048576K
}
Event: 3408.268 GC heap before
{Heap before GC invocations=98 (full 0):
 garbage-first heap   total 155648K, used 134585K [0x0000000080000000, 0x0000000100000000)
  region size 1024K, 23 young (23552K), 1 survivors (1024K)
 Metaspace       used 109989K, capacity 113140K, committed 113452K, reserved 1148928K
  class space    used 13766K, capacity 14887K, committed 14976K, reserved 1048576K
}
Event: 3408.271 GC heap after
{Heap after GC invocations=99 (full 0):
 garbage-first heap   total 155648K, used 112201K [0x0000000080000000, 0x0000000100000000)
  region size 1024K, 1 young (1024K), 1 survivors (1024K)
 Metaspace       used 109989K, capacity 113140K, committed 113452K, reserved 1148928K
  class space    used 13766K, capacity 14887K, committed 14976K, reserved 1048576K
}
Event: 3409.175 GC heap before
{Heap before GC invocations=100 (full 0):
 garbage-first heap   total 155648K, used 133705K [0x0000000080000000, 0x0000000100000000)
  region size 1024K, 23 young (23552K), 1 survivors (1024K)
 Metaspace       used 110057K, capacity 113204K, committed 113452K, reserved 1148928K
  class space    used 13769K, capacity 14887K, committed 14976K, reserved 1048576K
}
Event: 3409.183 GC heap after
{Heap after GC invocations=101 (full 0):
 garbage-first heap   total 155648K, used 112457K [0x0000000080000000, 0x0000000100000000)
  region size 1024K, 3 young (3072K), 3 survivors (3072K)
 Metaspace       used 110057K, capacity 113204K, committed 113452K, reserved 1148928K
  class space    used 13769K, capacity 14887K, committed 14976K, reserved 1048576K
}
Event: 3409.207 GC heap before
{Heap before GC invocations=101 (full 0):
 garbage-first heap   total 155648K, used 116553K [0x0000000080000000, 0x0000000100000000)
  region size 1024K, 7 young (7168K), 3 survivors (3072K)
 Metaspace       used 110057K, capacity 113204K, committed 113452K, reserved 1148928K
  class space    used 13769K, capacity 14887K, committed 14976K, reserved 1048576K
}
Event: 3409.216 GC heap after
{Heap after GC invocations=102 (full 0):
 garbage-first heap   total 155648K, used 110107K [0x0000000080000000, 0x0000000100000000)
  region size 1024K, 1 young (1024K), 1 survivors (1024K)
 Metaspace       used 110057K, capacity 113204K, committed 113452K, reserved 1148928K
  class space    used 13769K, capacity 14887K, committed 14976K, reserved 1048576K
}
Event: 3409.493 GC heap before
{Heap before GC invocations=102 (full 0):
 garbage-first heap   total 155648K, used 133659K [0x0000000080000000, 0x0000000100000000)
  region size 1024K, 24 young (24576K), 1 survivors (1024K)
 Metaspace       used 110061K, capacity 113204K, committed 113452K, reserved 1148928K
  class space    used 13769K, capacity 14887K, committed 14976K, reserved 1048576K
}

